<?xml version="1.0" encoding="UTF-8"?>
<!-- Generated by org.testng.reporters.JUnitReportReporter -->
<testsuite hostname="Kavya" failures="0" tests="5" name="practice.DataProviderPracticeTestNew" time="0.021" errors="0" timestamp="24 Dec 2021 04:54:37 GMT" skipped="0">
  <testcase classname="practice.DataProviderPracticeTestNew" name="readDataFromDataProviderTest" time="0.001"/>
  <testcase classname="practice.DataProviderPracticeTestNew" name="readDataFromDataProviderTest" time="0.002"/>
  <testcase classname="practice.DataProviderPracticeTestNew" name="readDataFromDataProviderTest" time="0.002"/>
  <testcase classname="practice.DataProviderPracticeTestNew" name="readDataFromDataProviderTest" time="0.002"/>
  <testcase classname="practice.DataProviderPracticeTestNew" name="readDataFromDataProviderTest" time="0.014"/>
</testsuite> <!-- practice.DataProviderPracticeTestNew -->
